\BOOKMARK [1][-]{section.1}{\376\377\004\041\004\070\004\101\004\102\004\065\004\074\004\070\000\040\004\072\004\065\004\100\004\103\004\062\004\060\004\075\004\075\004\117\000.\000\040\004\037\004\076\004\101\004\102\004\060\004\075\004\076\004\062\004\072\004\060\000\040\004\067\004\060\004\064\004\060\004\107\004\126\000\040\004\076\004\077\004\102\004\070\004\074\004\060\004\073\004\114\004\075\004\076\004\063\004\076\000\040\004\072\004\065\004\100\004\103\004\062\004\060\004\075\004\075\004\117}{}% 1
\BOOKMARK [2][-]{subsection.1.1}{\376\377\004\020\004\073\004\063\004\076\004\100\004\070\004\102\004\074\004\070}{section.1}% 2
\BOOKMARK [2][-]{subsection.1.2}{\376\377\004\020\004\103\004\064\004\070\004\102\004\076\004\100\004\075\004\065\000\040\004\067\004\060\004\075\004\117\004\102\004\102\004\117}{section.1}% 3
\BOOKMARK [2][-]{subsection.1.3}{\376\377\004\024\004\076\004\074\004\060\004\110\004\075\004\124\000\040\004\067\004\060\004\062\004\064\004\060\004\075\004\075\004\117}{section.1}% 4
\BOOKMARK [1][-]{section.2}{\376\377\004\025\004\073\004\065\004\074\004\065\004\075\004\102\004\070\000\040\004\061\004\060\004\063\004\060\004\102\004\076\004\067\004\075\004\060\004\107\004\075\004\076\004\063\004\076\000\040\004\060\004\075\004\060\004\073\004\126\004\067\004\103\000.\000\040\004\034\004\075\004\076\004\066\004\070\004\075\004\060\000\040\004\064\004\076\004\101\004\117\004\066\004\075\004\076\004\101\004\102\004\126}{}% 5
\BOOKMARK [2][-]{subsection.2.1}{\376\377\004\020\004\073\004\063\004\076\004\100\004\070\004\102\004\074\004\070}{section.2}% 6
\BOOKMARK [2][-]{subsection.2.2}{\376\377\004\020\004\103\004\064\004\070\004\102\004\076\004\100\004\075\004\065\000\040\004\067\004\060\004\075\004\117\004\102\004\102\004\117}{section.2}% 7
\BOOKMARK [2][-]{subsection.2.3}{\376\377\004\024\004\076\004\074\004\060\004\110\004\075\004\124\000\040\004\067\004\060\004\062\004\064\004\060\004\075\004\075\004\117}{section.2}% 8
\BOOKMARK [1][-]{section.3}{\376\377\004\027\004\060\004\064\004\060\004\107\004\060\000\040\004\077\004\100\004\076\000\040\004\077\004\065\004\100\004\065\004\062\004\065\004\064\004\065\004\075\004\075\004\117\000\040\004\101\004\070\004\101\004\102\004\065\004\074\004\070\000\040\004\067\000\040\004\102\004\076\004\107\004\072\004\070\000\040\004\062\000\040\004\102\004\076\004\107\004\072\004\103\000.\000\040\004\032\004\100\004\070\004\102\004\065\004\100\004\126\004\127\000\040\004\072\004\065\004\100\004\076\004\062\004\060\004\075\004\076\004\101\004\102\004\126\000\040\004\073\004\126\004\075\004\126\004\071\004\075\004\076\004\127\000\040\004\101\004\070\004\101\004\102\004\065\004\074\004\070\000\040\004\072\004\065\004\100\004\103\004\062\004\060\004\075\004\075\004\117}{}% 9
\BOOKMARK [2][-]{subsection.3.1}{\376\377\004\020\004\073\004\063\004\076\004\100\004\070\004\102\004\074\004\070}{section.3}% 10
\BOOKMARK [2][-]{subsection.3.2}{\376\377\004\020\004\103\004\064\004\070\004\102\004\076\004\100\004\075\004\065\000\040\004\067\004\060\004\075\004\117\004\102\004\102\004\117}{section.3}% 11
\BOOKMARK [2][-]{subsection.3.3}{\376\377\004\024\004\076\004\074\004\060\004\110\004\075\004\124\000\040\004\067\004\060\004\062\004\064\004\060\004\075\004\075\004\117}{section.3}% 12
\BOOKMARK [1][-]{section.4}{\376\377\004\032\004\100\004\070\004\102\004\065\004\100\004\126\004\127\000\040\004\101\004\077\004\076\004\101\004\102\004\065\004\100\004\065\004\066\004\103\004\062\004\060\004\075\004\076\004\101\004\102\004\126\000.\000\040\004\032\004\100\004\070\004\102\004\065\004\100\004\126\004\071\000\040\004\064\004\062\004\076\004\127\004\101\004\102\004\076\004\101\004\102\004\126}{}% 13
\BOOKMARK [2][-]{subsection.4.1}{\376\377\004\020\004\073\004\063\004\076\004\100\004\070\004\102\004\074\004\070}{section.4}% 14
\BOOKMARK [2][-]{subsection.4.2}{\376\377\004\020\004\103\004\064\004\070\004\102\004\076\004\100\004\075\004\065\000\040\004\067\004\060\004\075\004\117\004\102\004\102\004\117}{section.4}% 15
\BOOKMARK [2][-]{subsection.4.3}{\376\377\004\024\004\076\004\074\004\060\004\110\004\075\004\124\000\040\004\067\004\060\004\062\004\064\004\060\004\075\004\075\004\117}{section.4}% 16
\BOOKMARK [1][-]{section.5}{\376\377\004\027\004\060\004\064\004\060\004\107\004\060\000\040\004\104\004\126\004\073\004\114\004\102\004\100\004\060\004\106\004\126\004\127\000.\000\040\004\034\004\075\004\076\004\066\004\070\004\075\004\075\004\070\004\071\000\040\004\077\004\126\004\064\004\105\004\126\004\064}{}% 17
\BOOKMARK [2][-]{subsection.5.1}{\376\377\004\020\004\073\004\063\004\076\004\100\004\070\004\102\004\074\004\070}{section.5}% 18
\BOOKMARK [2][-]{subsection.5.2}{\376\377\004\020\004\103\004\064\004\070\004\102\004\076\004\100\004\075\004\065\000\040\004\067\004\060\004\075\004\117\004\102\004\102\004\117}{section.5}% 19
\BOOKMARK [2][-]{subsection.5.3}{\376\377\004\024\004\076\004\074\004\060\004\110\004\075\004\124\000\040\004\067\004\060\004\062\004\064\004\060\004\075\004\075\004\117}{section.5}% 20
\BOOKMARK [1][-]{section.6}{\376\377\004\022\004\060\004\100\004\126\004\060\004\106\004\126\004\071\004\075\004\070\004\071\000\040\004\074\004\065\004\102\004\076\004\064\000\040\004\062\000\040\004\067\004\060\004\064\004\060\004\107\004\126\000\040\004\076\004\077\004\102\004\070\004\074\004\060\004\073\004\114\004\075\004\076\004\063\004\076\000\040\004\072\004\065\004\100\004\103\004\062\004\060\004\075\004\075\004\117}{}% 21
\BOOKMARK [2][-]{subsection.6.1}{\376\377\004\020\004\073\004\063\004\076\004\100\004\070\004\102\004\074\004\070}{section.6}% 22
\BOOKMARK [2][-]{subsection.6.2}{\376\377\004\020\004\103\004\064\004\070\004\102\004\076\004\100\004\075\004\065\000\040\004\067\004\060\004\075\004\117\004\102\004\102\004\117}{section.6}% 23
\BOOKMARK [2][-]{subsection.6.3}{\376\377\004\024\004\076\004\074\004\060\004\110\004\075\004\124\000\040\004\067\004\060\004\062\004\064\004\060\004\075\004\075\004\117}{section.6}% 24
\BOOKMARK [1][-]{section.7}{\376\377\004\037\004\100\004\070\004\075\004\106\004\070\004\077\000\040\004\074\004\060\004\072\004\101\004\070\004\074\004\103\004\074\004\103\000\040\004\037\004\076\004\075\004\102\004\100\004\117\004\063\004\126\004\075\004\060\000\040\004\064\004\073\004\117\000\040\004\067\004\060\004\064\004\060\004\107\004\126\000\040\004\067\000\040\004\062\004\126\004\073\004\114\004\075\004\070\004\074\000\040\004\077\004\100\004\060\004\062\004\070\004\074\000\040\004\072\004\126\004\075\004\106\004\065\004\074}{}% 25
\BOOKMARK [2][-]{subsection.7.1}{\376\377\004\020\004\073\004\063\004\076\004\100\004\070\004\102\004\074\004\070}{section.7}% 26
\BOOKMARK [2][-]{subsection.7.2}{\376\377\004\020\004\103\004\064\004\070\004\102\004\076\004\100\004\075\004\065\000\040\004\067\004\060\004\075\004\117\004\102\004\102\004\117}{section.7}% 27
\BOOKMARK [2][-]{subsection.7.3}{\376\377\004\024\004\076\004\074\004\060\004\110\004\075\004\124\000\040\004\067\004\060\004\062\004\064\004\060\004\075\004\075\004\117}{section.7}% 28
\BOOKMARK [1][-]{section.8}{\376\377\004\037\004\100\004\070\004\075\004\106\004\070\004\077\000\040\004\074\004\060\004\072\004\101\004\070\004\074\004\103\004\074\004\103\000\040\004\037\004\076\004\075\004\102\004\100\004\117\004\063\004\126\004\075\004\060\000:\000\040\004\067\004\060\004\063\004\060\004\073\004\114\004\075\004\070\004\071\000\040\004\062\004\070\004\077\004\060\004\064\004\076\004\072}{}% 29
\BOOKMARK [2][-]{subsection.8.1}{\376\377\004\020\004\073\004\063\004\076\004\100\004\070\004\102\004\074\004\070}{section.8}% 30
\BOOKMARK [2][-]{subsection.8.2}{\376\377\004\020\004\103\004\064\004\070\004\102\004\076\004\100\004\075\004\065\000\040\004\067\004\060\004\075\004\117\004\102\004\102\004\117}{section.8}% 31
\BOOKMARK [2][-]{subsection.8.3}{\376\377\004\024\004\076\004\074\004\060\004\110\004\075\004\124\000\040\004\067\004\060\004\062\004\064\004\060\004\075\004\075\004\117}{section.8}% 32
\BOOKMARK [1][-]{section.9}{\376\377\004\024\004\070\004\101\004\072\004\100\004\065\004\102\004\075\004\070\004\071\000\040\004\062\004\060\004\100\004\126\004\060\004\075\004\102\000\040\004\074\004\065\004\102\004\076\004\064\004\103\000\040\004\064\004\070\004\075\004\060\004\074\004\126\004\107\004\075\004\076\004\063\004\076\000\040\004\077\004\100\004\076\004\063\004\100\004\060\004\074\004\103\004\062\004\060\004\075\004\075\004\117}{}% 33
\BOOKMARK [2][-]{subsection.9.1}{\376\377\004\020\004\073\004\063\004\076\004\100\004\070\004\102\004\074\004\070}{section.9}% 34
\BOOKMARK [2][-]{subsection.9.2}{\376\377\004\020\004\103\004\064\004\070\004\102\004\076\004\100\004\075\004\065\000\040\004\067\004\060\004\075\004\117\004\102\004\102\004\117}{section.9}% 35
\BOOKMARK [2][-]{subsection.9.3}{\376\377\004\024\004\076\004\074\004\060\004\110\004\075\004\124\000\040\004\067\004\060\004\062\004\064\004\060\004\075\004\075\004\117}{section.9}% 36
\BOOKMARK [1][-]{section.10}{\376\377\004\034\004\065\004\102\004\076\004\064\000\040\004\064\004\070\004\075\004\060\004\074\004\126\004\107\004\075\004\076\004\063\004\076\000\040\004\077\004\100\004\076\004\063\004\100\004\060\004\074\004\103\004\062\004\060\004\075\004\075\004\117}{}% 37
\BOOKMARK [2][-]{subsection.10.1}{\376\377\004\020\004\073\004\063\004\076\004\100\004\070\004\102\004\074\004\070}{section.10}% 38
\BOOKMARK [2][-]{subsection.10.2}{\376\377\004\020\004\103\004\064\004\070\004\102\004\076\004\100\004\075\004\065\000\040\004\067\004\060\004\075\004\117\004\102\004\102\004\117}{section.10}% 39
\BOOKMARK [2][-]{subsection.10.3}{\376\377\004\024\004\076\004\074\004\060\004\110\004\075\004\124\000\040\004\067\004\060\004\062\004\064\004\060\004\075\004\075\004\117}{section.10}% 40
